{
  "stats": {
    "suites": 1,
    "tests": 6,
    "passes": 6,
    "pending": 0,
    "failures": 0,
    "start": "2022-04-12T16:05:23.021Z",
    "end": "2022-04-12T16:05:23.144Z",
    "duration": 123,
    "testsRegistered": 6,
    "passPercent": 100,
    "pendingPercent": 0,
    "other": 0,
    "hasOther": false,
    "skipped": 0,
    "hasSkipped": false
  },
  "results": [
    {
      "uuid": "afd75aec-0ea5-4a26-9a6e-27c508e8f0b0",
      "title": "",
      "fullFile": "C:\\Users\\ASUS\\Documents\\HK2 - 2022\\do an cnpm\\Source\\template-backend\\test\\product.test.js",
      "file": "\\test\\product.test.js",
      "beforeHooks": [],
      "afterHooks": [],
      "tests": [],
      "suites": [
        {
          "uuid": "46605bc6-1334-46ae-a6c3-4d1caf9c44ea",
          "title": "product route",
          "fullFile": "C:\\Users\\ASUS\\Documents\\HK2 - 2022\\do an cnpm\\Source\\template-backend\\test\\product.test.js",
          "file": "\\test\\product.test.js",
          "beforeHooks": [
            {
              "title": "\"before all\" hook in \"product route\"",
              "fullTitle": "product route \"before all\" hook in \"product route\"",
              "timedOut": false,
              "duration": 1,
              "state": null,
              "speed": null,
              "pass": false,
              "fail": false,
              "pending": false,
              "context": null,
              "code": "done();",
              "err": {},
              "uuid": "896fc72e-26c0-47e7-8443-0a93ce836036",
              "parentUUID": "46605bc6-1334-46ae-a6c3-4d1caf9c44ea",
              "isHook": true,
              "skipped": false
            }
          ],
          "afterHooks": [
            {
              "title": "\"after all\" hook in \"product route\"",
              "fullTitle": "product route \"after all\" hook in \"product route\"",
              "timedOut": false,
              "duration": 0,
              "state": null,
              "speed": null,
              "pass": false,
              "fail": false,
              "pending": false,
              "context": null,
              "code": "done();",
              "err": {},
              "uuid": "d2da45e6-53a8-42e3-b2c6-4c491482905a",
              "parentUUID": "46605bc6-1334-46ae-a6c3-4d1caf9c44ea",
              "isHook": true,
              "skipped": false
            }
          ],
          "tests": [
            {
              "title": "it should correct when get all product ",
              "fullTitle": "product route it should correct when get all product ",
              "timedOut": false,
              "duration": 42,
              "state": "passed",
              "speed": "medium",
              "pass": true,
              "fail": false,
              "pending": false,
              "context": null,
              "code": "chai\n  .request(app)\n  .get(\"/api/products\")\n  .end((err, res) => {\n    res.should.have.status(200);\n    res.body.should.be.a(\"object\");\n    res.body.should.have.property(\"totalCount\").eql(20);\n    done();\n  });",
              "err": {},
              "uuid": "96c589a7-4cc2-4d8b-ae33-4a52c3f83a5a",
              "parentUUID": "46605bc6-1334-46ae-a6c3-4d1caf9c44ea",
              "isHook": false,
              "skipped": false
            },
            {
              "title": "it should correct when get product by id",
              "fullTitle": "product route it should correct when get product by id",
              "timedOut": false,
              "duration": 10,
              "state": "passed",
              "speed": "fast",
              "pass": true,
              "fail": false,
              "pending": false,
              "context": null,
              "code": "chai\n  .request(app)\n  .get(\"/api/products/1\")\n  .end((err, res) => {\n    res.should.have.status(200);\n    res.body.should.be.a(\"object\");\n    res.body.should.have.property(\"data\").have.property(\"id\").eql(1);\n    done();\n  });",
              "err": {},
              "uuid": "d4bbe3f7-3e72-4398-b510-9319955e9303",
              "parentUUID": "46605bc6-1334-46ae-a6c3-4d1caf9c44ea",
              "isHook": false,
              "skipped": false
            },
            {
              "title": "it should correct when insert product",
              "fullTitle": "product route it should correct when insert product",
              "timedOut": false,
              "duration": 21,
              "state": "passed",
              "speed": "fast",
              "pass": true,
              "fail": false,
              "pending": false,
              "context": null,
              "code": "chai\n  .request(app)\n  .post(\"/api/products\")\n  .send({\n    name: \"test\",\n    price: 100,\n  })\n  .end((err, res) => {\n    res.should.have.status(201);\n    res.body.should.be.a(\"object\");\n    res.body.should.have.property(\"data\").have.property(\"name\").eql(\"test\");\n    done();\n  });",
              "err": {},
              "uuid": "2dc4f9a1-d91e-4ccc-9cf9-c3d00924145d",
              "parentUUID": "46605bc6-1334-46ae-a6c3-4d1caf9c44ea",
              "isHook": false,
              "skipped": false
            },
            {
              "title": "it should correct when update product",
              "fullTitle": "product route it should correct when update product",
              "timedOut": false,
              "duration": 12,
              "state": "passed",
              "speed": "fast",
              "pass": true,
              "fail": false,
              "pending": false,
              "context": null,
              "code": "chai\n  .request(app)\n  .put(\"/api/products/1\")\n  .send({\n    name: \"test\",\n    price: 100,\n  })\n  .end((err, res) => {\n    res.should.have.status(200);\n    res.body.should.be.a(\"object\");\n    res.body.should.have.property(\"data\").have.property(\"name\").eql(\"test\");\n    done();\n  });",
              "err": {},
              "uuid": "15645f32-9f09-4376-8dca-9480594a0810",
              "parentUUID": "46605bc6-1334-46ae-a6c3-4d1caf9c44ea",
              "isHook": false,
              "skipped": false
            },
            {
              "title": "it should correct when delete product",
              "fullTitle": "product route it should correct when delete product",
              "timedOut": false,
              "duration": 10,
              "state": "passed",
              "speed": "fast",
              "pass": true,
              "fail": false,
              "pending": false,
              "context": null,
              "code": "chai\n  .request(app)\n  .delete(\"/api/products/1\")\n  .end((err, res) => {\n    console.log(res.body);\n    res.should.have.status(200);\n    res.body.should.be.a(\"object\");\n    res.body.should.have.property(\"data\").eql(1);\n    done();\n  });",
              "err": {},
              "uuid": "9f8ff7bc-3cb1-4dfd-98c0-1e0db1beed81",
              "parentUUID": "46605bc6-1334-46ae-a6c3-4d1caf9c44ea",
              "isHook": false,
              "skipped": false
            },
            {
              "title": "it should correct when hard delete product",
              "fullTitle": "product route it should correct when hard delete product",
              "timedOut": false,
              "duration": 6,
              "state": "passed",
              "speed": "fast",
              "pass": true,
              "fail": false,
              "pending": false,
              "context": null,
              "code": "chai\n  .request(app)\n  .delete(\"/api/products/hard/1\")\n  .end((err, res) => {\n    console.log(res.body);\n    res.should.have.status(200);\n    res.body.should.be.a(\"object\");\n    res.body.should.have.property(\"data\").eql(1);\n    done();\n  });",
              "err": {},
              "uuid": "5567076f-c02b-4dd3-866e-db98eda37fe4",
              "parentUUID": "46605bc6-1334-46ae-a6c3-4d1caf9c44ea",
              "isHook": false,
              "skipped": false
            }
          ],
          "suites": [],
          "passes": [
            "96c589a7-4cc2-4d8b-ae33-4a52c3f83a5a",
            "d4bbe3f7-3e72-4398-b510-9319955e9303",
            "2dc4f9a1-d91e-4ccc-9cf9-c3d00924145d",
            "15645f32-9f09-4376-8dca-9480594a0810",
            "9f8ff7bc-3cb1-4dfd-98c0-1e0db1beed81",
            "5567076f-c02b-4dd3-866e-db98eda37fe4"
          ],
          "failures": [],
          "pending": [],
          "skipped": [],
          "duration": 101,
          "root": false,
          "rootEmpty": false,
          "_timeout": 10000
        }
      ],
      "passes": [],
      "failures": [],
      "pending": [],
      "skipped": [],
      "duration": 0,
      "root": true,
      "rootEmpty": true,
      "_timeout": 10000
    }
  ],
  "meta": {
    "mocha": {
      "version": "9.2.2"
    },
    "mochawesome": {
      "options": {
        "quiet": false,
        "reportFilename": "mochawesome",
        "saveHtml": true,
        "saveJson": true,
        "consoleReporter": "spec",
        "useInlineDiffs": false,
        "code": true
      },
      "version": "7.1.3"
    },
    "marge": {
      "options": {
        "autoOpen": "true"
      },
      "version": "6.2.0"
    }
  }
}